<?xml version="1.0" encoding="UTF-8"?>
<!-- Generated by org.testng.reporters.JUnitReportReporter -->
<testsuite hostname="DESKTOP-D5MDPKE" failures="0" tests="1" name="com.caiiht.fusion.selenium.yaksha.YakshaUserimport" time="28.163" errors="0" timestamp="2022-08-09T09:40:13 IST" skipped="0">
  <testcase classname="com.caiiht.fusion.selenium.yaksha.YakshaUserimport" name="YUserImport" time="28.163"/>
  <system-out>
    <![CDATA[×
File uploaded successfully]]>
  </system-out>
</testsuite> <!-- com.caiiht.fusion.selenium.yaksha.YakshaUserimport -->
