<?xml version="1.0" encoding="UTF-8"?>
<!-- Generated by org.testng.reporters.JUnitReportReporter -->
<testsuite hostname="DESKTOP-D5MDPKE" failures="0" tests="5" name="com.caiiht.fusion.selenium.yaksha.YakshaAssessment" time="119.144" errors="0" timestamp="2022-08-09T09:40:13 IST" skipped="0">
  <testcase classname="com.caiiht.fusion.selenium.yaksha.YakshaAssessment" name="YAssessmentcreate" time="12.390"/>
  <system-out>
    <![CDATA[AutoTest Testnew520:Assesment created as draft]]>
  </system-out>
  <testcase classname="com.caiiht.fusion.selenium.yaksha.YakshaAssessment" name="YAssessmentQuestionAdd" time="12.116"/>
  <system-out>
    <![CDATA[Section1 Question section added for Assessment 'AutoTest Testnew520']]>
  </system-out>
  <testcase classname="com.caiiht.fusion.selenium.yaksha.YakshaAssessment" name="YAssessmentPublish" time="13.924"/>
  <system-out>
    <![CDATA[AutoTest Testnew520:Assesment published]]>
  </system-out>
  <testcase classname="com.caiiht.fusion.selenium.yaksha.YakshaAssessment" name="YAssessmentTenent" time="8.464"/>
  <system-out>
    <![CDATA[×
Assessment assigned successfully]]>
  </system-out>
  <testcase classname="com.caiiht.fusion.selenium.yaksha.YakshaAssessment" name="YAssessmentSchedule" time="72.250"/>
  <system-out>
    <![CDATA[C:\Users\rameshg\seleneium4Example\seleniumScriptsRegression\Input\Tenant\Users_Bulk_Upload.xlsx is Schedule link of :AutoTest Testnew520]]>
  </system-out>
</testsuite> <!-- com.caiiht.fusion.selenium.yaksha.YakshaAssessment -->
