<?xml version="1.0" encoding="UTF-8"?>
<!-- Generated by org.testng.reporters.JUnitReportReporter -->
<testsuite hostname="DESKTOP-D5MDPKE" failures="0" tests="1" name="com.caiiht.fusion.selenium.yaksha.YakshaQuestionBankCreate" time="24.417" errors="0" timestamp="2022-08-03T12:02:59 IST" skipped="0">
  <testcase classname="com.caiiht.fusion.selenium.yaksha.YakshaQuestionBankCreate" name="YQuestionbankcreate" time="24.417"/>
  <system-out>
    <![CDATA[×
Please select the skills]]>
  </system-out>
</testsuite> <!-- com.caiiht.fusion.selenium.yaksha.YakshaQuestionBankCreate -->
